Arguments: 
  /Users/danielancuta/.nvm/versions/node/v18.3.0/bin/node /Users/danielancuta/.nvm/versions/node/v18.3.0/bin/yarn add express express-graphql @graphql-tools

PATH: 
  /Users/danielancuta/.nvm/versions/node/v18.3.0/bin:/opt/homebrew/bin:/opt/homebrew/sbin:/usr/local/bin:/System/Cryptexes/App/usr/bin:/usr/bin:/bin:/usr/sbin:/sbin

Yarn version: 
  1.22.19

Node version: 
  18.3.0

Platform: 
  darwin arm64

Trace: 
  Error: https://registry.yarnpkg.com/@graphql-tools: Request "https://registry.yarnpkg.com/@graphql-tools" returned a 405
      at params.callback [as _callback] (/Users/danielancuta/.nvm/versions/node/v18.3.0/lib/node_modules/yarn/lib/cli.js:66154:18)
      at self.callback (/Users/danielancuta/.nvm/versions/node/v18.3.0/lib/node_modules/yarn/lib/cli.js:140890:22)
      at Request.emit (node:events:527:28)
      at Request.<anonymous> (/Users/danielancuta/.nvm/versions/node/v18.3.0/lib/node_modules/yarn/lib/cli.js:141862:10)
      at Request.emit (node:events:527:28)
      at IncomingMessage.<anonymous> (/Users/danielancuta/.nvm/versions/node/v18.3.0/lib/node_modules/yarn/lib/cli.js:141784:12)
      at Object.onceWrapper (node:events:641:28)
      at IncomingMessage.emit (node:events:539:35)
      at endReadableNT (node:internal/streams/readable:1344:12)
      at process.processTicksAndRejections (node:internal/process/task_queues:82:21)

npm manifest: 
  {
    "name": "graphql_prisma",
    "version": "1.0.0",
    "main": "index.js",
    "license": "MIT",
    "devDependencies": {
      "prisma": "^4.9.0"
    },
    "dependencies": {
      "@prisma/client": "^4.9.0"
    }
  }

yarn manifest: 
  No manifest

Lockfile: 
  # THIS IS AN AUTOGENERATED FILE. DO NOT EDIT THIS FILE DIRECTLY.
  # yarn lockfile v1
  
  
  "@prisma/client@^4.9.0":
    version "4.9.0"
    resolved "https://registry.yarnpkg.com/@prisma/client/-/client-4.9.0.tgz#4a4068f3540732ea5723c008d49ed684d20f9340"
    integrity sha512-bz6QARw54sWcbyR1lLnF2QHvRW5R/Jxnbbmwh3u+969vUKXtBkXgSgjDA85nji31ZBlf7+FrHDy5x+5ydGyQDg==
    dependencies:
      "@prisma/engines-version" "4.9.0-42.ceb5c99003b99c9ee2c1d2e618e359c14aef2ea5"
  
  "@prisma/engines-version@4.9.0-42.ceb5c99003b99c9ee2c1d2e618e359c14aef2ea5":
    version "4.9.0-42.ceb5c99003b99c9ee2c1d2e618e359c14aef2ea5"
    resolved "https://registry.yarnpkg.com/@prisma/engines-version/-/engines-version-4.9.0-42.ceb5c99003b99c9ee2c1d2e618e359c14aef2ea5.tgz#9d817a5779fc05b107eb02f63d197ad296d60b3c"
    integrity sha512-M16aibbxi/FhW7z1sJCX8u+0DriyQYY5AyeTH7plQm9MLnURoiyn3CZBqAyIoQ+Z1pS77usCIibYJWSgleBMBA==
  
  "@prisma/engines@4.9.0":
    version "4.9.0"
    resolved "https://registry.yarnpkg.com/@prisma/engines/-/engines-4.9.0.tgz#05a1411964e047c1bc43f777c7a1c69f86a2a26c"
    integrity sha512-t1pt0Gsp+HcgPJrHFc+d/ZSAaKKWar2G/iakrE07yeKPNavDP3iVKPpfXP22OTCHZUWf7OelwKJxQgKAm5hkgw==
  
  prisma@^4.9.0:
    version "4.9.0"
    resolved "https://registry.yarnpkg.com/prisma/-/prisma-4.9.0.tgz#295954b2a89cd35a0e6bcf66b2b036dbf80c75ee"
    integrity sha512-bS96oZ5oDFXYgoF2l7PJ3Mp1wWWfLOo8B/jAfbA2Pn0Wm5Z/owBHzaMQKS3i1CzVBDWWPVnOohmbJmjvkcHS5w==
    dependencies:
      "@prisma/engines" "4.9.0"
